<?xml version="1.0" encoding="UTF-8"?>
<!-- Generated by org.testng.reporters.JUnitXMLReporter -->
<testsuite ignored="0" hostname="MacBook-Pro.local" failures="0" tests="3" name="Default test" time="12.828" errors="0" timestamp="19 Nov 2022 13:52:52 GMT">
  <testcase classname="webdriver.Topic_01_Check_Environment" name="TC_01_ValidateCurrentUrl" time="0.05"/>
  <testcase classname="webdriver.Topic_01_Check_Environment" name="TC_02_ValidatePageTitle" time="0.016"/>
  <testcase classname="webdriver.Topic_01_Check_Environment" name="TC_03_LoginFormDisplayed" time="0.166"/>
</testsuite> <!-- Default test -->
